2024-05-02 18:53:38.399 +0530	START		Running Tests/TC_A_Login.script
2024-05-02 18:53:39.327 +0530	swipeup		Swiped up from (540, 1680) to (540, 720)	2	on_tc_a_login	Tests/TC_A_Login.script
2024-05-02 18:53:39.600 +0530	EndTestCase		(Duration:"1.183", Errors:"1", Exceptions:"0", StartTime:"2024-05-02 18:53:38 +0530", Successes:"0", TestCase:"Tests/TC_A_Login.script", Warnings:"0")
2024-05-02 18:53:41.865 +0530	Error Screen	C:/Users/vishwa.seelam/OneDrive - Ideabytes/Desktop/Ooredoo_Super_App_Client/Ooredoo_Client.suite/Results/Tests/TC_A_Login/20240502_185338.387/Screen_Error.png	CapturedErrorScreenshot	071513CE-5087-4A0A-5155-C8AAEABE03D2
2024-05-02 18:53:41.876 +0530	FAILURE	Screen_Error.png	STUnknownMessage: ERROR: No Such Command: 'clickelement' -- Execution Time 0:00:01 Tests/TC_A_Login.script
2024-05-02 18:53:44.311 +0530	Error Screen	C:/Users/vishwa.seelam/OneDrive - Ideabytes/Desktop/Ooredoo_Super_App_Client/Ooredoo_Client.suite/Results/Tests/TC_A_Login/20240502_185338.387/Screen_Error_Web.png	CapturedWebErrorScreenshot	A4AAD5C9-10BF-CA0A-7F66-BAC76747D2C8
2024-05-02 18:53:44.322 +0530	FAILURE	Screen_Error_Web.png	STUnknownMessage: ERROR: No Such Command: 'clickelement' -- Execution Time 0:00:01 Tests/TC_A_Login.script
