2024-05-06 15:55:51.281 +0530	START		Running Tests/TC_B_HomePage.script
2024-05-06 15:56:02.042 +0530	imagefound	Cross_button	Unable to Find Image Cross_button	4	on_tc_b_homepage	Tests/TC_B_HomePage.script
2024-05-06 15:56:02.611 +0530	click	package_arrow	at (832, 1240)	3	on_clickeventcollection	Common.script
2024-05-06 15:56:18.627 +0530	waitfor	(TEXT:"My Existing Package")	found at (314, 374)	15	on_clickeventcollection	Common.script
2024-05-06 15:56:21.303 +0530	click	(TEXT:"Home")	at (108, 2225)	7	on_clickeventcollection	Common.script
2024-05-06 15:56:23.616 +0530	click	AyanTanOomanji	at (152, 1937)	3	on_clickeventcollection	Common.script
2024-05-06 15:57:05.211 +0530	Exception	Cross_icon_01	Unable To Find Any Image On Screen "Cross_icon_01" within 20.00 seconds	11	on_clickeventcollection	Common.script
2024-05-06 15:57:05.602 +0530	EndTestCase		(Duration:"74.313", Errors:"1", Exceptions:"1", StartTime:"2024-05-06 15:55:51 +0530", Successes:"0", TestCase:"Tests/TC_B_HomePage.script", Warnings:"0")
2024-05-06 15:57:06.344 +0530	Error Screen	C:/Users/vishwa.seelam/OneDrive - Ideabytes/Desktop/Ooredoo_Super_App_Client/Ooredoo_Client.suite/Results/Tests/TC_B_HomePage/20240506_155551.268/Screen_Error.png	CapturedErrorScreenshot	F553AE6A-E37C-E808-4AB5-60CEF726E78B
2024-05-06 15:57:06.360 +0530	FAILURE	Screen_Error.png	Image Not Found: waitfor Error - Unable To Find Any Image On Screen "Cross_icon_01" within 20.00 seconds -- Execution Time 0:01:14 Tests/TC_B_HomePage.script
2024-05-06 15:57:07.659 +0530	Error Screen	C:/Users/vishwa.seelam/OneDrive - Ideabytes/Desktop/Ooredoo_Super_App_Client/Ooredoo_Client.suite/Results/Tests/TC_B_HomePage/20240506_155551.268/Screen_Error_Web.png	CapturedWebErrorScreenshot	E9B0D64C-0AF4-9B0B-484A-35E431E45FC8
2024-05-06 15:57:07.669 +0530	FAILURE	Screen_Error_Web.png	Image Not Found: waitfor Error - Unable To Find Any Image On Screen "Cross_icon_01" within 20.00 seconds -- Execution Time 0:01:14 Tests/TC_B_HomePage.script
