2024-05-06 15:32:04.934 +0530	START		Running Tests/TC_B_HomePage.script
2024-05-06 15:32:08.040 +0530	imagefound	Cross_button	Unable to Find Image Cross_button within 2.00 seconds	3	on_tc_b_homepage	Tests/TC_B_HomePage.script
2024-05-06 15:32:08.409 +0530	waitfor	package_arrow	found at (835, 1232)	7	on_tc_b_homepage	Tests/TC_B_HomePage.script
2024-05-06 15:32:09.283 +0530	click	package_arrow	at (835, 1232)	3	on_clickeventcollection	Common.script
2024-05-06 15:32:48.509 +0530	Exception	(TEXT:"My Existing Package")	Unable To Find Any Image On Screen "(TEXT:"My Existing Package")" within 10.00 seconds. Text not found.	5	on_validate	Common.script
2024-05-06 15:32:48.649 +0530	EndTestCase		(Duration:"43.705", Errors:"1", Exceptions:"1", StartTime:"2024-05-06 15:32:04 +0530", Successes:"0", TestCase:"Tests/TC_B_HomePage.script", Warnings:"0")
2024-05-06 15:32:49.119 +0530	Error Screen	C:/Users/vishwa.seelam/OneDrive - Ideabytes/Desktop/Ooredoo_Super_App_Client/Ooredoo_Client.suite/Results/Tests/TC_B_HomePage/20240506_153204.897/Screen_Error.png	CapturedErrorScreenshot	CF0D0A01-6EEE-9707-7D16-E6D339E86539
2024-05-06 15:32:49.127 +0530	FAILURE	Screen_Error.png	Image Not Found: waitfor Error - Unable To Find Any Image On Screen "(TEXT:"My Existing Package")" within 10.00 seconds. Text not found. -- Execution Time 0:00:43 Tests/TC_B_HomePage.script
2024-05-06 15:32:51.048 +0530	Error Screen	C:/Users/vishwa.seelam/OneDrive - Ideabytes/Desktop/Ooredoo_Super_App_Client/Ooredoo_Client.suite/Results/Tests/TC_B_HomePage/20240506_153204.897/Screen_Error_Web.png	CapturedWebErrorScreenshot	C70FD0CE-4806-0000-5235-4666CACCD18E
2024-05-06 15:32:51.143 +0530	FAILURE	Screen_Error_Web.png	Image Not Found: waitfor Error - Unable To Find Any Image On Screen "(TEXT:"My Existing Package")" within 10.00 seconds. Text not found. -- Execution Time 0:00:43 Tests/TC_B_HomePage.script
