2024-05-06 14:47:49.543 +0530	START		Running Tests/TC_B_HomePage.script
2024-05-06 14:47:52.778 +0530	imagefound	Cross_button	Unable to Find Image Cross_button within 2.00 seconds	3	on_tc_b_homepage	Tests/TC_B_HomePage.script
2024-05-06 14:47:53.845 +0530	click	package_arrow	at (786, 630)	3	on_clickeventcollection	Common.script
2024-05-06 14:48:36.346 +0530	Exception	(TEXT:"My Existing Package")	Unable To Find Any Image On Screen "(TEXT:"My Existing Package")" within 10.00 seconds. Text not found.	5	on_validate	Common.script
2024-05-06 14:48:36.586 +0530	EndTestCase		(Duration:"47.028", Errors:"1", Exceptions:"1", StartTime:"2024-05-06 14:47:49 +0530", Successes:"0", TestCase:"Tests/TC_B_HomePage.script", Warnings:"0")
2024-05-06 14:48:37.155 +0530	Error Screen	C:/Users/vishwa.seelam/OneDrive - Ideabytes/Desktop/Ooredoo_Super_App_Client/Ooredoo_Client.suite/Results/Tests/TC_B_HomePage/20240506_144749.515/Screen_Error.png	CapturedErrorScreenshot	6F9EF4E0-1914-3404-72A8-E0FAFF9DC871
2024-05-06 14:48:37.168 +0530	FAILURE	Screen_Error.png	Image Not Found: waitfor Error - Unable To Find Any Image On Screen "(TEXT:"My Existing Package")" within 10.00 seconds. Text not found. -- Execution Time 0:00:47 Tests/TC_B_HomePage.script
2024-05-06 14:48:37.960 +0530	Error Screen	C:/Users/vishwa.seelam/OneDrive - Ideabytes/Desktop/Ooredoo_Super_App_Client/Ooredoo_Client.suite/Results/Tests/TC_B_HomePage/20240506_144749.515/Screen_Error_Web.png	CapturedWebErrorScreenshot	FD1723E0-E856-DD0D-5F95-6559B412942D
2024-05-06 14:48:37.978 +0530	FAILURE	Screen_Error_Web.png	Image Not Found: waitfor Error - Unable To Find Any Image On Screen "(TEXT:"My Existing Package")" within 10.00 seconds. Text not found. -- Execution Time 0:00:47 Tests/TC_B_HomePage.script
